<?xml version="1.0" encoding="UTF-8"?>
<!-- Generated by org.testng.reporters.JUnitReportReporter -->
<testsuite hostname="Thia" name="TestNG.DemoTestNg" tests="1" failures="0" timestamp="29 May 2016 22:26:49 GMT" time="2.805" errors="0">
  <testcase name="gmailLogin" time="2.805" classname="TestNG.DemoTestNg"/>
</testsuite> <!-- TestNG.DemoTestNg -->
